%MSG-i MF_INIT_OK:  Early 23-Jun-2021 10:30:20 CDT JobSetup
Messagelogger initialization complete.
%MSG

=============== GasGunBdyn ===========
            setPolarization: 1
                          n: 0.153
                         x0: 0 mm
                         y0: 0 mm
                      AxCBO: 5 mm
                      AyCBO: 0 mm
                  tDecayMin: 0 microsecond
                  tDecayMax: 700 microsecond
                     xdistr: 2 // {DELTA=0, FLAT=1, GAUS=2}
                     ydistr: 2 // {DELTA=0, FLAT=1, GAUS=2}
                     pdistr: 2 // {DELTA=0, FLAT=1, GAUS=2}
                     tdistr: 989 // {DELTA=0, FLAT=1, GAUS=2, E989=989}
                     xwidth: 12.5 mm
                     ywidth: 12.5 mm
                     twidth: 120 ns
                     pwidth: 0.1 percent

========== Gm2Constants ==========
printPrecision: 12
         mMuon: 105.6583745 MeV/c^2
         aMuon: 0.00116592089 (unitless)
         eMuon: 0 e*cm
        RMagic: 7112 mm
        BMagic: 1.45129912113 T
        pMagic: 3094.34963118 MeV/c
        EMagic: 3096.15298913 MeV
       KEMagic: 2990.49461463 MeV
     betaMagic: 0.999417548825 (unitless)
    gammaMagic: 29.3034319691 (unitless)
betaGammaMagic: 29.2863641507 (unitless)
   omegaCMagic: 42.1284931848 rad/us
   omegaAMagic: 1.439340338 rad/us
   omegaSMagic: 43.5678335228 rad/us
       fCMagic: 6.70495793538 MHz
       fAMagic: 0.229078129585 MHz
       fSMagic: 6.93403606496 MHz
     BrhoMagic: 10.3216393495 T*m
     trolleyAzimuthOffset: -17.91 deg

========== KillTracks ==========
     killElectrons: NO
     killPositrons: NO
       killPhotons: NO
killOpticalPhotons: NO
      killNeutrons: YES, no threshold
     killNeutrinos: YES, no threshold
      doTimingCuts: YES, tlocalMax=1ns, tglobalMax=700us

======== Magnet Iron And Cryostat ========
ringIsCadmesh:        0
cryoIsCadmesh:        0
ringMaterial:         Fe
cryoMaterial:         Al
buildPoleTips:        1
buildYokeTopBottom:   1
buildYokeBackleg:     1
buildYokeBacklegHole: 1
buildCryoInnerUpper:  1
buildCryoInnerLower:  1
buildCryoOuter:       1
buildCryoOuterHole:   1
ringSphi:             0 deg
ringDphi:             360 deg
----------------------
BLUEPRINT D19-M-3195-5
----------------------
      poleTipRmin: 690.2 cm
                   683.2 cm
                   683.2 cm
      poleTipRmax: 732.2 cm
                   739.2 cm
                   739.2 cm
        poleTipDz: 9 cm
                   14.2176 cm
                   22.3 cm
topBottomYokeRmin: 683.2 cm
                   685.8 cm
                   729.8 cm
topBottomYokeRmax: 822.55 cm
                   820 cm
                   776 cm
  topBottomYokeDz: 24.5 cm
                   51.5 cm
                   78.5 cm
  backlegYokeRmin: 768.2 cm
  backlegYokeRmax: 822.55 cm
    backlegYokeDz: 24.5 cm
backlegYokeHoleD1: 4 inch
backlegYokeHoleD2: 5.25 inch
    innerCryoRmin: 653.07 cm
    innerCryoRmax: 682.33 cm
      innerCryoDz: 25.72 cm
                   54.98 cm
                   ...
cryoAngle: 6 deg
cryoRot:
 0.994522         0  0.104528
        0         1         0
-0.104528         0  0.994522

ironAngle: 6 deg
ironRot:
 0.994522         0  0.104528
        0         1         0
-0.104528         0  0.994522

================ TrackingAction Parameters ================
| OnlyTrackPrimary:  0
| TrackPrimaryDecay: 1
| TrackOrphans:      1
================================================
======== Magnet Iron And Cryostat ========
ringIsCadmesh:        0
cryoIsCadmesh:        0
ringMaterial:         Fe
cryoMaterial:         Al
buildPoleTips:        1
buildYokeTopBottom:   1
buildYokeBackleg:     1
buildYokeBacklegHole: 1
buildCryoInnerUpper:  1
buildCryoInnerLower:  1
buildCryoOuter:       1
buildCryoOuterHole:   1
ringSphi:             0 deg
ringDphi:             360 deg
----------------------
BLUEPRINT D19-M-3195-5
----------------------
      poleTipRmin: 690.2 cm
                   683.2 cm
                   683.2 cm
      poleTipRmax: 732.2 cm
                   739.2 cm
                   739.2 cm
        poleTipDz: 9 cm
                   14.2176 cm
                   22.3 cm
topBottomYokeRmin: 683.2 cm
                   685.8 cm
                   729.8 cm
topBottomYokeRmax: 822.55 cm
                   820 cm
                   776 cm
  topBottomYokeDz: 24.5 cm
                   51.5 cm
                   78.5 cm
  backlegYokeRmin: 768.2 cm
  backlegYokeRmax: 822.55 cm
    backlegYokeDz: 24.5 cm
backlegYokeHoleD1: 4 inch
backlegYokeHoleD2: 5.25 inch
    innerCryoRmin: 653.07 cm
    innerCryoRmax: 682.33 cm
      innerCryoDz: 25.72 cm
                   54.98 cm
                   ...
cryoAngle: 6 deg
cryoRot:
 0.994522         0  0.104528
        0         1         0
-0.104528         0  0.994522

ironAngle: 6 deg
ironRot:
 0.994522         0  0.104528
        0         1         0
-0.104528         0  0.994522

======== NewInflectorGeometry ========
       cadmesh: F
 infLengthWarm: 1696.4 mm
 infLengthCold: 1689.11 mm
          dL/L: -0.0043 (unitless)
    infPivotDx: 108 mm
   infFringeDz: 100 mm
  avoidOverlap: 0.1 mm
----------------------------
   infUSCryoWindowThickness: 1.5
         infUSCoilThickness: 3.3
infUSMandrelWindowThickness: 1.5
infDSMandrelWindowThickness: 1.5
         infDSCoilThickness: 3.3
   infDSCryoWindowThickness: 1.5
----------------------------
    infBoundingBoxZmin: -944.553
   infUSCryoFlangeZmin: -856.303
   infUSCryoFlangeZmax: -846.303
   infUSCryoWindowZmin: -847.803
   infUSCryoWindowZmax: -846.303
         infUSCoilZmin: -846.203
         infUSCoilZmax: -842.903
infUSMandrelWindowZmin: -842.803
infUSMandrelWindowZmax: -841.303
       infApertureZmin: -841.203
       infApertureZmax: 841.203
infDSMandrelWindowZmin: 841.303
infDSMandrelWindowZmax: 842.803
         infDSCoilZmin: 842.903
         infDSCoilZmax: 846.203
   infDSCryoWindowZmin: 846.303
   infDSCryoWindowZmax: 847.803
   infDSCryoFlangeZmin: 846.303
   infDSCryoFlangeZmax: 856.303
    infBoundingBoxZmax: 944.553
       infCryoWindowHx: 12.175
       infCryoWindowHy: 31.175
-----------------------
infUS: (6976.98, 0, -2431.97)mm
infMP: (7063.29, 0, -1591.84)mm
infDS: (7149.59, 0, -751.708)mm

======== Kicker Geometry ========
 cadmesh            : false
 numKickers         : 3
 kPlateType         : 989
 kPlateArcLength    : 1270 mm
 kPlateGapLength    : 571.5 mm
 kArrayCenterline   : 88.17 deg
 kCenterline[0]     : 73.3345 deg
 kCenterline[1]     : 88.17 deg
 kCenterline[2]     : 103.006 deg

======== NewQuadGeometry ========
  cadmesh            : 1
  qShortSpanAngle    : 13 deg
  qLongSpanAngle     : 26 deg
  qShortLongGapAngle : 4 deg
  qFillFactor        : 0.433333

qUseLargeFieldRegion : 0
qFieldRegionR0       : 7112 mm
qFieldRegionRhwhm    : 50 mm
qFieldRegionRmin     : 7062 mm
qFieldRegionRmax     : 7162 mm
qFieldRegionY0       : 0 mm
qFieldRegionYhwhm    : 50 mm
qFieldRegionYmin     : -50 mm
qFieldRegionYmax     : 50 mm
qFiducialEdge        : 1 mm
qFiducialEdgeFrac    : 0.9 (unitless)

======== Quad ========
          muonCharge: 1
         qFillFactor: 0.433333
  desired_fieldIndex: 0.153 (unitless)
  a2_from_fieldIndex: -21.8573 kV
             a2_user: -20.1778 kV
 quad_rescale_factor: 1.08324

gm2geom::gm2FieldMap2d::ReadFieldMap()
Successfully read file "/cvmfs/gm2.opensciencegrid.org/prod/g-2/gm2geom/v9_65_00/runTimeFiles/RingBfield2d_SmallFine.dat.txt"
7827 lines
15652 data

gm2geom::RingBfieldMap2d::LoadRadialBField() Successfully read file "/cvmfs/gm2.opensciencegrid.org/prod/g-2/gm2geom/v9_65_00/runTimeFiles/RadialField-avgSamePositions-anchor.data.txt"

gm2geom::gm2FieldMap2d::ReadFieldMap()
Successfully read file "/cvmfs/gm2.opensciencegrid.org/prod/g-2/gm2geom/v9_65_00/runTimeFiles/RingBfield2d_LargeCoarse.dat.txt"
30402 lines
60802 data

gm2geom::RingBfieldMap2d::LoadRadialBField() Successfully read file "/cvmfs/gm2.opensciencegrid.org/prod/g-2/gm2geom/v9_65_00/runTimeFiles/RadialField-avgSamePositions-anchor.data.txt"

gm2geom::gm2FieldMap3d::ReadFieldMap()
Successfully read file "/cvmfs/gm2.opensciencegrid.org/prod/g-2/gm2geom/v9_65_00/runTimeFiles/ring_inject_bfield3d_wuzheng_large.dat"
376188 lines
1128561 data

======== WuzhengBacklegBfield3D ========
  filePath: /cvmfs/gm2.opensciencegrid.org/prod/g-2/gm2geom/v9_65_00/runTimeFiles/ring_inject_bfield3d_wuzheng_large.dat
lengthUnit: 10
 fieldUnit: -9.99944e-08
   nx: 61
 xmin: 7110
 xmax: 7410
   dx: 5
   ny: 7
 ymin: 0
 ymax: 30
   dy: 5
   nz: 881
 zmin: -4300
 zmax: 100
   dz: 5

gm2geom::gm2FieldMap3d::ReadFieldMap()
Successfully read file "/cvmfs/gm2.opensciencegrid.org/prod/g-2/gm2geom/v9_65_00/runTimeFiles/renormalized_inflector_bfield3d_meng_closed-closed.dat"
15835 lines
47502 data

======== WuzhengInflectorBfield3D ========
  filePath: /cvmfs/gm2.opensciencegrid.org/prod/g-2/gm2geom/v9_65_00/runTimeFiles/renormalized_inflector_bfield3d_meng_closed-closed.dat
lengthUnit: 1000
 fieldUnit: -0.0014513
   nx: 7
 xmin: -15
 xmax: 15
   dx: 5
   ny: 6
 ymin: 0
 ymax: 25
   dy: 5
   nz: 377
 zmin: -940
 zmax: 940
   dz: 5

======== KickerPulseE989 ========
   pulseShape: Cornell15
          By0: -290 Gauss
       tbegin: -121.36 ns
        tpeak: 50 ns
         tend: 200.398 ns
  includeTail: false
echoAmplitude: 0
     echoTime: 450 ns

gm2geom::gm2FieldMap2d::ReadFieldMap()
Successfully read file "/cvmfs/gm2.opensciencegrid.org/prod/g-2/gm2geom/v9_65_00/runTimeFiles/KickerBfield2d_E989.dat"
5786 lines
11570 data

======== KickerPulseE989 ========
   pulseShape: Cornell15
          By0: -290 Gauss
       tbegin: -116.36 ns
        tpeak: 55 ns
         tend: 205.398 ns
  includeTail: false
echoAmplitude: 0
     echoTime: 450 ns

gm2geom::gm2FieldMap2d::ReadFieldMap()
Successfully read file "/cvmfs/gm2.opensciencegrid.org/prod/g-2/gm2geom/v9_65_00/runTimeFiles/KickerBfield2d_E989.dat"
5786 lines
11570 data

======== KickerPulseE989 ========
   pulseShape: Cornell15
          By0: -290 Gauss
       tbegin: -111.36 ns
        tpeak: 60 ns
         tend: 210.398 ns
  includeTail: false
echoAmplitude: 0
     echoTime: 450 ns

gm2geom::gm2FieldMap2d::ReadFieldMap()
Successfully read file "/cvmfs/gm2.opensciencegrid.org/prod/g-2/gm2geom/v9_65_00/runTimeFiles/KickerBfield2d_E989.dat"
5786 lines
11570 data

QuadEfield[0][0]  qbadResistor_[0][0]
QuadEfield[0][1]  qbadResistor_[0][0]
QuadEfield[1][0]  qbadResistor_[0][0]
QuadEfield[1][1]  qbadResistor_[0][0]
QuadEfield[2][0]  qbadResistor_[0][0]
QuadEfield[2][1]  qbadResistor_[0][0]
QuadEfield[3][0]  qbadResistor_[0][0]
QuadEfield[3][1]  qbadResistor_[0][0]
gm2geom::gm2FieldMap2d::ReadFieldMap()
Successfully read file "/cvmfs/gm2.opensciencegrid.org/prod/g-2/gm2geom/v9_65_00/runTimeFiles/QuadField_xOuterPlate5.00cm_n141.dat"
57670 lines
115338 data

======== gm2FieldManager ========
buildBacklegBfield   : 1
buildInflectorBfield : 1
buildKickerBfields   : 1
buildQuadBfields     : 1

kFieldsAreUnified : 1
qFieldsAreUnified : 1
...

%MSG-i ArcGeometry:  artg4Main:artg4@Construction 23-Jun-2021 10:30:24 CDT  ModuleConstruction
Arc geometry is
    arc_rMin=6000
    arc_rMax=8500
    arc_z=245
    arc_Sphi=0
    arc_Dphi=6.28319
%MSG
Including arc 0
%MSG-i WorldGeometry:  artg4Main:artg4@Construction 23-Jun-2021 10:30:24 CDT  ModuleConstruction
World geometry is world_x=10000 world_y=3500 world_z=10000
%MSG
%MSG-i Ring_service:  artg4Main:artg4@Construction 23-Jun-2021 10:30:24 CDT  ModuleConstruction
About to doCallArtProduces
%MSG
%MSG-i Ring_service:  artg4Main:artg4@Construction 23-Jun-2021 10:30:24 CDT  ModuleConstruction
done with doCallArtProduces
%MSG
%MSG-i RANDOM:  artg4Main:artg4@Construction 23-Jun-2021 10:30:24 CDT  ModuleConstruction
Instantiated G4Engine engine "artg4:0:" with seed 755994323.

%MSG
RootManager::SetFile : Using ROOT file ./TFileService-24e0-e87f-2970-f613.root
RootManager::GetDir : Created ROOT dir ./TFileService-24e0-e87f-2970-f613.root:/PositronDecay
%MSG-i PositronDecay:  DecayNtup:decay@BeginJob 23-Jun-2021 10:30:24 CDT  ModuleBeginJob
start of beginJob() 

%MSG
%MSG-i artg4Main:  artg4Main:artg4@BeginRun 23-Jun-2021 10:30:24 CDT run: 1
Calling G4RunManager::Initialize()
%MSG
Begin processing the 1st record. run: 1 subRun: 1 event: 1 at 23-Jun-2021 10:30:25 CDT
========== KillTracks Summary ==========
  Events: 1
  Tracks: 4
  Killed: 3
          DecayWithSpin: 2
          tlocalMax: 1

%MSG-i PhysicalVolumeStore:  artg4Main:artg4@EndRun 23-Jun-2021 10:30:25 CDT  run: 1
Storing 1 items in the physical volume store
%MSG

TrigReport ---------- Event  Summary ------------
TrigReport Events total = 1 passed = 1 failed = 0

TrigReport ------ Modules in End-Path: end_path ------------
TrigReport  Trig Bit#        Run    Success      Error Name
TrigReport     0    0          1          1          0 decay

TimeReport ---------- Time  Summary ---[sec]----
TimeReport CPU = 1.135175 Real = 1.217790

MemReport  ---------- Memory  Summary ---[base-10 MB]----
MemReport  VmPeak = 1207.12 VmHWM = 505.844

%MSG-i ArtG4Main:  PostEndJob 23-Jun-2021 10:30:24 CDT ModuleEndJob

%MSG
%MSG-i CoordSystemsStore:  PostEndJob 23-Jun-2021 10:30:22 CDT ModuleEndJob
CoordSystemsStore::initialize called

%MSG
%MSG-i ClockAction:  PostEndJob 23-Jun-2021 10:30:22 CDT ModuleEndJob
Elapsed time this run: 0.165355 seconds

%MSG
%MSG-i TrackingAction:  PostEndJob 23-Jun-2021 10:30:22 CDT ModuleEndJob
============== TrackingAction::RunEnd ==============	Muons injected     : 1	Muons decayed      : 1	Muons lost         : 0	Muons stored       : 0====================================================
%MSG
%MSG-i PhysicalVolumeStore:  PostEndJob 23-Jun-2021 10:30:22 CDT ModuleEndJob

%MSG
